[2026-03-27 14-49-33] PHP Deprecated: flight\debug\tracy\TracyExtensionLoader::__construct(): Implicitly marking parameter $app as nullable is deprecated, the explicit nullable type must be used instead in /var/www/vendor/flightphp/tracy-extensions/src/debug/tracy/TracyExtensionLoader.php:23  @  http://localhost:8000/ 
[2026-03-27 14-49-33] PHP Deprecated: flight\debug\database\PdoQueryCapture::__construct(): Implicitly marking parameter $username as nullable is deprecated, the explicit nullable type must be used instead in /var/www/vendor/flightphp/tracy-extensions/src/debug/database/PdoQueryCapture.php:25  @  http://localhost:8000/ 
[2026-03-27 14-49-33] PHP Deprecated: flight\debug\database\PdoQueryCapture::__construct(): Implicitly marking parameter $password as nullable is deprecated, the explicit nullable type must be used instead in /var/www/vendor/flightphp/tracy-extensions/src/debug/database/PdoQueryCapture.php:25  @  http://localhost:8000/ 
[2026-03-27 14-52-27] PHP Deprecated: flight\debug\tracy\TracyExtensionLoader::__construct(): Implicitly marking parameter $app as nullable is deprecated, the explicit nullable type must be used instead in /var/www/vendor/flightphp/tracy-extensions/src/debug/tracy/TracyExtensionLoader.php:23  @  http://localhost:8000/loginUser 
[2026-03-27 14-52-27] PHP Deprecated: flight\debug\database\PdoQueryCapture::__construct(): Implicitly marking parameter $username as nullable is deprecated, the explicit nullable type must be used instead in /var/www/vendor/flightphp/tracy-extensions/src/debug/database/PdoQueryCapture.php:25  @  http://localhost:8000/loginUser 
[2026-03-27 14-52-27] PHP Deprecated: flight\debug\database\PdoQueryCapture::__construct(): Implicitly marking parameter $password as nullable is deprecated, the explicit nullable type must be used instead in /var/www/vendor/flightphp/tracy-extensions/src/debug/database/PdoQueryCapture.php:25  @  http://localhost:8000/loginUser 
[2026-03-27 14-55-59] PHP Deprecated: flight\debug\tracy\TracyExtensionLoader::__construct(): Implicitly marking parameter $app as nullable is deprecated, the explicit nullable type must be used instead in /var/www/vendor/flightphp/tracy-extensions/src/debug/tracy/TracyExtensionLoader.php:23  @  http://localhost:8000/loginUser 
[2026-03-27 14-55-59] PHP Deprecated: flight\debug\database\PdoQueryCapture::__construct(): Implicitly marking parameter $username as nullable is deprecated, the explicit nullable type must be used instead in /var/www/vendor/flightphp/tracy-extensions/src/debug/database/PdoQueryCapture.php:25  @  http://localhost:8000/loginUser 
[2026-03-27 14-55-59] PHP Deprecated: flight\debug\database\PdoQueryCapture::__construct(): Implicitly marking parameter $password as nullable is deprecated, the explicit nullable type must be used instead in /var/www/vendor/flightphp/tracy-extensions/src/debug/database/PdoQueryCapture.php:25  @  http://localhost:8000/loginUser 
[2026-03-27 15-14-57] PHP Deprecated: flight\debug\tracy\TracyExtensionLoader::__construct(): Implicitly marking parameter $app as nullable is deprecated, the explicit nullable type must be used instead in /var/www/vendor/flightphp/tracy-extensions/src/debug/tracy/TracyExtensionLoader.php:23  @  http://localhost:8000/ 
[2026-03-27 15-14-58] PHP Deprecated: flight\debug\database\PdoQueryCapture::__construct(): Implicitly marking parameter $username as nullable is deprecated, the explicit nullable type must be used instead in /var/www/vendor/flightphp/tracy-extensions/src/debug/database/PdoQueryCapture.php:25  @  http://localhost:8000/ 
[2026-03-27 15-14-58] PHP Deprecated: flight\debug\database\PdoQueryCapture::__construct(): Implicitly marking parameter $password as nullable is deprecated, the explicit nullable type must be used instead in /var/www/vendor/flightphp/tracy-extensions/src/debug/database/PdoQueryCapture.php:25  @  http://localhost:8000/ 
[2026-03-27 15-26-41] PHP Deprecated: flight\debug\tracy\TracyExtensionLoader::__construct(): Implicitly marking parameter $app as nullable is deprecated, the explicit nullable type must be used instead in /var/www/vendor/flightphp/tracy-extensions/src/debug/tracy/TracyExtensionLoader.php:23  @  http://localhost:8000/ 
[2026-03-27 15-26-41] PHP Deprecated: flight\debug\database\PdoQueryCapture::__construct(): Implicitly marking parameter $username as nullable is deprecated, the explicit nullable type must be used instead in /var/www/vendor/flightphp/tracy-extensions/src/debug/database/PdoQueryCapture.php:25  @  http://localhost:8000/ 
[2026-03-27 15-26-41] PHP Deprecated: flight\debug\database\PdoQueryCapture::__construct(): Implicitly marking parameter $password as nullable is deprecated, the explicit nullable type must be used instead in /var/www/vendor/flightphp/tracy-extensions/src/debug/database/PdoQueryCapture.php:25  @  http://localhost:8000/ 
[2026-03-27 15-47-12] PHP Deprecated: flight\debug\tracy\TracyExtensionLoader::__construct(): Implicitly marking parameter $app as nullable is deprecated, the explicit nullable type must be used instead in /var/www/vendor/flightphp/tracy-extensions/src/debug/tracy/TracyExtensionLoader.php:23  @  http://localhost:8000/ 
[2026-03-27 15-47-12] PHP Deprecated: flight\debug\database\PdoQueryCapture::__construct(): Implicitly marking parameter $username as nullable is deprecated, the explicit nullable type must be used instead in /var/www/vendor/flightphp/tracy-extensions/src/debug/database/PdoQueryCapture.php:25  @  http://localhost:8000/ 
[2026-03-27 15-47-12] PHP Deprecated: flight\debug\database\PdoQueryCapture::__construct(): Implicitly marking parameter $password as nullable is deprecated, the explicit nullable type must be used instead in /var/www/vendor/flightphp/tracy-extensions/src/debug/database/PdoQueryCapture.php:25  @  http://localhost:8000/ 
[2026-03-27 16-13-48] PHP Deprecated: flight\debug\tracy\TracyExtensionLoader::__construct(): Implicitly marking parameter $app as nullable is deprecated, the explicit nullable type must be used instead in /var/www/vendor/flightphp/tracy-extensions/src/debug/tracy/TracyExtensionLoader.php:23  @  http://localhost:8000/ 
[2026-03-27 16-13-48] PHP Deprecated: flight\debug\database\PdoQueryCapture::__construct(): Implicitly marking parameter $username as nullable is deprecated, the explicit nullable type must be used instead in /var/www/vendor/flightphp/tracy-extensions/src/debug/database/PdoQueryCapture.php:25  @  http://localhost:8000/ 
[2026-03-27 16-13-48] PHP Deprecated: flight\debug\database\PdoQueryCapture::__construct(): Implicitly marking parameter $password as nullable is deprecated, the explicit nullable type must be used instead in /var/www/vendor/flightphp/tracy-extensions/src/debug/database/PdoQueryCapture.php:25  @  http://localhost:8000/ 
[2026-03-29 04-35-21] PHP Warning: preg_match(): Unknown modifier ']' in /var/www/app/controllers/ArticleController.php:199  @  http://localhost:8000/admin/articles/store 
[2026-03-29 04-39-57] PHP Warning: preg_match(): Unknown modifier ']' in /var/www/app/controllers/ArticleController.php:201  @  http://localhost:8000/admin/articles/store 
[2026-03-29 04-39-57] PHP Warning: preg_match(): Unknown modifier ']' in /var/www/app/controllers/ArticleController.php:202  @  http://localhost:8000/admin/articles/store 
[2026-03-29 04-39-57] PHP Warning: preg_match(): Unknown modifier ']' in /var/www/app/controllers/ArticleController.php:203  @  http://localhost:8000/admin/articles/store 
[2026-03-29 04-49-48] PHP Warning: preg_match(): Unknown modifier ']' in /var/www/app/controllers/ArticleController.php:218  @  http://localhost:8000/admin/articles/store 
[2026-03-29 04-49-48] PHP Warning: preg_match(): Unknown modifier ']' in /var/www/app/controllers/ArticleController.php:219  @  http://localhost:8000/admin/articles/store 
[2026-03-29 04-49-48] PHP Warning: preg_match(): Unknown modifier ']' in /var/www/app/controllers/ArticleController.php:220  @  http://localhost:8000/admin/articles/store 
[2026-03-29 04-53-11] PHP Warning: preg_match(): Unknown modifier ']' in /var/www/app/controllers/ArticleController.php:218  @  http://localhost:8000/admin/articles/store 
[2026-03-29 04-53-11] PHP Warning: preg_match(): Unknown modifier ']' in /var/www/app/controllers/ArticleController.php:219  @  http://localhost:8000/admin/articles/store 
[2026-03-29 04-53-11] PHP Warning: preg_match(): Unknown modifier ']' in /var/www/app/controllers/ArticleController.php:220  @  http://localhost:8000/admin/articles/store 
[2026-03-29 04-54-15] PHP Warning: preg_match(): Unknown modifier ']' in /var/www/app/controllers/ArticleController.php:218  @  http://localhost:8000/admin/articles/store 
[2026-03-29 04-54-15] PHP Warning: preg_match(): Unknown modifier ']' in /var/www/app/controllers/ArticleController.php:219  @  http://localhost:8000/admin/articles/store 
[2026-03-29 04-54-15] PHP Warning: preg_match(): Unknown modifier ']' in /var/www/app/controllers/ArticleController.php:220  @  http://localhost:8000/admin/articles/store 
[2026-03-29 04-55-44] PHP Warning: preg_match(): Unknown modifier ']' in /var/www/app/controllers/ArticleController.php:218  @  http://localhost:8000/admin/articles/store 
[2026-03-29 04-55-44] PHP Warning: preg_match(): Unknown modifier ']' in /var/www/app/controllers/ArticleController.php:219  @  http://localhost:8000/admin/articles/store 
[2026-03-29 04-55-44] PHP Warning: preg_match(): Unknown modifier ']' in /var/www/app/controllers/ArticleController.php:220  @  http://localhost:8000/admin/articles/store 
[2026-03-29 05-22-28] PHP Warning: preg_match(): Unknown modifier ']' in /var/www/app/controllers/ArticleController.php:233  @  http://localhost:8000/admin/articles/store 
[2026-03-29 05-22-28] PHP Warning: preg_match(): Unknown modifier ']' in /var/www/app/controllers/ArticleController.php:234  @  http://localhost:8000/admin/articles/store 
[2026-03-29 05-22-28] PHP Warning: preg_match(): Unknown modifier ']' in /var/www/app/controllers/ArticleController.php:235  @  http://localhost:8000/admin/articles/store 
[2026-03-29 05-25-42] PHP Warning: preg_match(): Unknown modifier ']' in /var/www/app/controllers/ArticleController.php:233  @  http://localhost:8000/admin/articles/update/12 
[2026-03-29 05-25-42] PHP Warning: preg_match(): Unknown modifier ']' in /var/www/app/controllers/ArticleController.php:234  @  http://localhost:8000/admin/articles/update/12 
[2026-03-29 05-25-42] PHP Warning: preg_match(): Unknown modifier ']' in /var/www/app/controllers/ArticleController.php:235  @  http://localhost:8000/admin/articles/update/12 
[2026-03-29 05-26-40] PHP Warning: preg_match(): Unknown modifier ']' in /var/www/app/controllers/ArticleController.php:233  @  http://localhost:8000/admin/articles/update/12 
[2026-03-29 05-26-40] PHP Warning: preg_match(): Unknown modifier ']' in /var/www/app/controllers/ArticleController.php:234  @  http://localhost:8000/admin/articles/update/12 
[2026-03-29 05-26-40] PHP Warning: preg_match(): Unknown modifier ']' in /var/www/app/controllers/ArticleController.php:235  @  http://localhost:8000/admin/articles/update/12 
[2026-03-29 05-26-40] PHP Warning: preg_match(): Unknown modifier ']' in /var/www/app/controllers/ArticleController.php:233  @  http://localhost:8000/admin/articles/update/12 
[2026-03-29 05-26-41] PHP Warning: preg_match(): Unknown modifier ']' in /var/www/app/controllers/ArticleController.php:234  @  http://localhost:8000/admin/articles/update/12 
[2026-03-29 05-26-41] PHP Warning: preg_match(): Unknown modifier ']' in /var/www/app/controllers/ArticleController.php:235  @  http://localhost:8000/admin/articles/update/12 
[2026-03-29 06-48-03] PHP Warning: preg_match(): Unknown modifier ']' in /var/www/app/controllers/ArticleController.php:237  @  http://localhost:8000/admin/articles/store 
[2026-03-29 06-48-03] PHP Warning: preg_match(): Unknown modifier ']' in /var/www/app/controllers/ArticleController.php:238  @  http://localhost:8000/admin/articles/store 
[2026-03-29 06-48-03] PHP Warning: preg_match(): Unknown modifier ']' in /var/www/app/controllers/ArticleController.php:239  @  http://localhost:8000/admin/articles/store 
[2026-03-29 06-48-33] PHP Warning: preg_match(): Unknown modifier ']' in /var/www/app/controllers/ArticleController.php:237  @  http://localhost:8000/admin/articles/update/16 
[2026-03-29 06-48-33] PHP Warning: preg_match(): Unknown modifier ']' in /var/www/app/controllers/ArticleController.php:238  @  http://localhost:8000/admin/articles/update/16 
[2026-03-29 06-48-33] PHP Warning: preg_match(): Unknown modifier ']' in /var/www/app/controllers/ArticleController.php:239  @  http://localhost:8000/admin/articles/update/16 
[2026-03-29 15-26-58] PHP Warning: preg_match(): Unknown modifier ']' in /var/www/app/controllers/ArticleController.php:271  @  http://localhost:8000/admin/articles/store 
[2026-03-29 15-26-58] PHP Warning: preg_match(): Unknown modifier ']' in /var/www/app/controllers/ArticleController.php:272  @  http://localhost:8000/admin/articles/store 
[2026-03-29 15-26-58] PHP Warning: preg_match(): Unknown modifier ']' in /var/www/app/controllers/ArticleController.php:273  @  http://localhost:8000/admin/articles/store 
[2026-03-29 17-58-23] PHP Warning: preg_match(): Unknown modifier ']' in /var/www/app/controllers/ArticleController.php:274  @  http://localhost:8000/admin/articles/store 
[2026-03-29 17-58-23] PHP Warning: preg_match(): Unknown modifier ']' in /var/www/app/controllers/ArticleController.php:275  @  http://localhost:8000/admin/articles/store 
[2026-03-29 17-58-23] PHP Warning: preg_match(): Unknown modifier ']' in /var/www/app/controllers/ArticleController.php:276  @  http://localhost:8000/admin/articles/store 
